<?xml version="1.0" encoding="UTF-8"?>
<!-- Generated by org.testng.reporters.JUnitReportReporter -->
<testsuite hostname="DESKTOP-RNGUL5D" failures="0" tests="4" name="Api.test.Usertests" time="12.226" errors="0" timestamp="2024-07-24T11:02:57 IST" skipped="0">
  <testcase classname="Api.test.Usertests" name="testpostUser" time="6.801"/>
  <system-out/>
  <testcase classname="Api.test.Usertests" name="testgetuser" time="1.352"/>
  <system-out/>
  <testcase classname="Api.test.Usertests" name="updateuser" time="2.779"/>
  <system-out/>
  <testcase classname="Api.test.Usertests" name="testdelateuser" time="1.294"/>
  <system-out/>
</testsuite> <!-- Api.test.Usertests -->
