<?xml version="1.0" encoding="UTF-8"?>
<!-- Generated by org.testng.reporters.JUnitReportReporter -->
<testsuite hostname="DESKTOP-RNGUL5D" failures="0" tests="5" name="Api.test.datadriventest" time="13.248" errors="0" timestamp="2024-07-23T11:56:48 IST" skipped="0">
  <testcase classname="Api.test.datadriventest" name="posttest" time="1.942"/>
  <system-out/>
  <testcase classname="Api.test.datadriventest" name="posttest" time="5.950"/>
  <system-out/>
  <testcase classname="Api.test.datadriventest" name="posttest" time="1.779"/>
  <system-out/>
  <testcase classname="Api.test.datadriventest" name="posttest" time="1.739"/>
  <system-out/>
  <testcase classname="Api.test.datadriventest" name="posttest" time="1.838"/>
  <system-out/>
</testsuite> <!-- Api.test.datadriventest -->
